Arguments: 
  /Users/geoffreylitt/.nvm/versions/node/v15.2.1/bin/node /usr/local/Cellar/yarn/1.17.3/libexec/bin/yarn.js install

PATH: 
  /Users/geoffreylitt/.opam/4.10.0/bin:/Users/geoffreylitt/dev/sketch-1.7.6/sketch-frontend:/Applications/racket-7.6/bin:/Users/geoffreylitt/bin:/Users/geoffreylitt/.local/bin:/Users/geoffreylitt/.cargo/bin:/Users/geoffreylitt/.nvm/versions/node/v15.2.1/bin:/usr/local/bin:/usr/bin:/bin:/usr/sbin:/sbin:/Library/TeX/texbin:/opt/X11/bin:/Library/Apple/usr/bin

Yarn version: 
  1.17.3

Node version: 
  15.2.1

Platform: 
  darwin x64

Trace: 
  SyntaxError: /Users/geoffreylitt/dev/automerge-markdown-comments/package.json: Unexpected token } in JSON at position 700
      at JSON.parse (<anonymous>)
      at /usr/local/Cellar/yarn/1.17.3/libexec/lib/cli.js:1625:59
      at Generator.next (<anonymous>)
      at step (/usr/local/Cellar/yarn/1.17.3/libexec/lib/cli.js:304:30)
      at /usr/local/Cellar/yarn/1.17.3/libexec/lib/cli.js:315:13

npm manifest: 
  {
    "name": "automerge-markdown-comments",
    "version": "1.0.0",
    "description": "",
    "main": "index.js",
    "scripts": {
      "build": "node build.js",
      "start": "node build.js -w"
    },
    "author": "",
    "license": "ISC",
    "devDependencies": {
      "estrella": "^1.3.0",
      "@types/react": "^17.0.0",
      "@types/react-dom": "^17.0.0",
      "eslint": "^7.14.0",
      "estrella": "^1.0.4",
      "serve-http": "^1.0.6",
      "typescript": "^4.1.2"
    },
    "dependencies": {
      "@emotion/react": "^11.1.1",
      "lorem-ipsum": "^2.0.3",
      "prismjs": "^1.22.0",
      "react": "^17.0.1",
      "react-dom": "^17.0.1",
      "slate": "^0.59.0",
      "slate-history": "^0.59.0",
      "slate-react": "^0.59.0",
    }
  }

yarn manifest: 
  No manifest

Lockfile: 
  # THIS IS AN AUTOGENERATED FILE. DO NOT EDIT THIS FILE DIRECTLY.
  # yarn lockfile v1
  
  
  "esbuild@>=0.6.0 <1.0.0":
    version "0.8.43"
    resolved "https://registry.yarnpkg.com/esbuild/-/esbuild-0.8.43.tgz#19d79f8c6d1cc6dadd50942057a5aff906a1ecf2"
    integrity sha512-ZVE2CpootS4jtnfV0bbtJdgRsHEXcMP0P7ZXGfTmNzzhBr2e5ag7Vp3ry0jmw8zduJz4iHzxg4m5jtPxWERz1w==
  
  estrella@^1.3.0:
    version "1.3.0"
    resolved "https://registry.yarnpkg.com/estrella/-/estrella-1.3.0.tgz#6fb0061be9e9f4918c8a8496ca4ffd74274e4a2a"
    integrity sha512-u3rvHWMxRkd1oWg8fy+uahY/PcQKK9gDDDOcfKRnB6rzQbDAByIlEf5vv2LwRY3+koEe+JBZF7F/g9x+Mk/Jeg==
    dependencies:
      esbuild ">=0.6.0 <1.0.0"
    optionalDependencies:
      fsevents "~2.1.2"
  
  fsevents@~2.1.2:
    version "2.1.3"
    resolved "https://registry.yarnpkg.com/fsevents/-/fsevents-2.1.3.tgz#fb738703ae8d2f9fe900c33836ddebee8b97f23e"
    integrity sha512-Auw9a4AxqWpa9GUfj370BMPzzyncfBABW8Mab7BGWBYDj4Isgq+cDKtx0i6u9jcX9pQDnswsaaOTgTmA5pEjuQ==
